2023/02/11 15:28:46 [notice] 1#1: using the "epoll" event method
2023/02/11 15:28:46 [notice] 1#1: nginx/1.23.3
2023/02/11 15:28:46 [notice] 1#1: built by gcc 12.2.1 20220924 (Alpine 12.2.1_git20220924-r4) 
2023/02/11 15:28:46 [notice] 1#1: OS: Linux 5.4.0-122-generic
2023/02/11 15:28:46 [notice] 1#1: getrlimit(RLIMIT_NOFILE): 1048576:1048576
2023/02/11 15:28:46 [notice] 1#1: start worker processes
2023/02/11 15:28:46 [notice] 1#1: start worker process 20
2023/02/11 15:41:41 [notice] 1#1: signal 3 (SIGQUIT) received, shutting down
2023/02/11 15:41:41 [notice] 20#20: gracefully shutting down
2023/02/11 15:41:41 [notice] 20#20: exiting
2023/02/11 15:41:41 [notice] 20#20: exit
2023/02/11 15:41:41 [notice] 1#1: signal 17 (SIGCHLD) received from 20
2023/02/11 15:41:41 [notice] 1#1: worker process 20 exited with code 0
2023/02/11 15:41:41 [notice] 1#1: exit
2023/02/11 21:25:36 [notice] 1#1: using the "epoll" event method
2023/02/11 21:25:36 [notice] 1#1: nginx/1.23.3
2023/02/11 21:25:36 [notice] 1#1: built by gcc 12.2.1 20220924 (Alpine 12.2.1_git20220924-r4) 
2023/02/11 21:25:36 [notice] 1#1: OS: Linux 5.4.0-122-generic
2023/02/11 21:25:36 [notice] 1#1: getrlimit(RLIMIT_NOFILE): 1048576:1048576
2023/02/11 21:25:36 [notice] 1#1: start worker processes
2023/02/11 21:25:36 [notice] 1#1: start worker process 19
